0 info it worked if it ends with ok
1 verbose cli [ '/home/meidl/app/node-v4.4.7-linux-x64/bin/node',
1 verbose cli   '/usr/local/bin/npm',
1 verbose cli   'run',
1 verbose cli   'build' ]
2 info using npm@3.3.1
3 info using node@v4.4.7
4 verbose run-script [ 'prebuild', 'build', 'postbuild' ]
5 info lifecycle @~prebuild: @
6 silly lifecycle @~prebuild: no script for prebuild, continuing
7 info lifecycle @~build: @
8 verbose lifecycle @~build: unsafe-perm in lifecycle true
9 verbose lifecycle @~build: PATH: /home/meidl/app/node-v4.4.7-linux-x64/lib/node_modules/npm/bin/node-gyp-bin:/home/meidl/meidl/myself/workspace/kill-bat/node_modules/.bin:/usr/local/sbin:/usr/local/bin:/usr/sbin:/usr/bin:/sbin:/bin
10 verbose lifecycle @~build: CWD: /home/meidl/meidl/myself/workspace/kill-bat
11 silly lifecycle @~build: Args: [ '-c',
11 silly lifecycle   'node ./builds/addMarkDownIfNotExist.js && vuepress build docs' ]
12 silly lifecycle @~build: Returned: code: 1  signal: null
13 info lifecycle @~build: Failed to exec build script
14 verbose stack Error: @ build: `node ./builds/addMarkDownIfNotExist.js && vuepress build docs`
14 verbose stack Exit status 1
14 verbose stack     at EventEmitter.<anonymous> (/home/meidl/app/node-v4.4.7-linux-x64/lib/node_modules/npm/lib/utils/lifecycle.js:233:16)
14 verbose stack     at emitTwo (events.js:87:13)
14 verbose stack     at EventEmitter.emit (events.js:172:7)
14 verbose stack     at ChildProcess.<anonymous> (/home/meidl/app/node-v4.4.7-linux-x64/lib/node_modules/npm/lib/utils/spawn.js:24:14)
14 verbose stack     at emitTwo (events.js:87:13)
14 verbose stack     at ChildProcess.emit (events.js:172:7)
14 verbose stack     at maybeClose (internal/child_process.js:827:16)
14 verbose stack     at Process.ChildProcess._handle.onexit (internal/child_process.js:211:5)
15 verbose pkgid @
16 verbose cwd /home/meidl/meidl/myself/workspace/kill-bat
17 error Linux 4.15.0-30deepin-generic
18 error argv "/home/meidl/app/node-v4.4.7-linux-x64/bin/node" "/usr/local/bin/npm" "run" "build"
19 error node v4.4.7
20 error npm  v3.3.1
21 error code ELIFECYCLE
22 error @ build: `node ./builds/addMarkDownIfNotExist.js && vuepress build docs`
22 error Exit status 1
23 error Failed at the @ build script 'node ./builds/addMarkDownIfNotExist.js && vuepress build docs'.
23 error This is most likely a problem with the  package,
23 error not with npm itself.
23 error Tell the author that this fails on your system:
23 error     node ./builds/addMarkDownIfNotExist.js && vuepress build docs
23 error You can get their info via:
23 error     npm owner ls
23 error There is likely additional logging output above.
24 verbose exit [ 1, true ]
